<?xml version="1.0" encoding="UTF-8"?>
<!-- Generated by org.testng.reporters.JUnitReportReporter -->
<testsuite hostname="DESKTOP-2PEA4O0" failures="0" tests="1" name="testing.NewTest" time="18.222" errors="0" timestamp="2023-10-02T00:59:39 IST" skipped="0">
  <testcase classname="testing.NewTest" name="fiirsttest" time="18.222"/>
</testsuite> <!-- testing.NewTest -->
